<?xml version="1.0" encoding="UTF-8"?>
<!-- Generated by org.testng.reporters.JUnitXMLReporter -->
<testsuite ignored="0" hostname="Luiss-MacBook-Air.local" failures="1" tests="3" name="Test Report 1" time="20.408" errors="0" timestamp="2024-03-26T21:10:21 PET">
  <testcase classname="com.reports.tests.ReportTest" name="getTitle" time="0.018"/>
  <testcase classname="com.reports.tests.ReportTest" name="skyTest" time="0.003">
    <skipped/>
  </testcase> <!-- skyTest -->
  <testcase classname="com.reports.tests.ReportTest" name="getLogo" time="0.043">
    <failure type="java.lang.AssertionError">
      <![CDATA[java.lang.AssertionError: 
at com.reports.tests.ReportTest.getLogo(ReportTest.java:43)
at java.base/java.util.concurrent.Executors$RunnableAdapter.call(Executors.java:539)
at java.base/java.util.concurrent.FutureTask.run(FutureTask.java:264)
at java.base/java.util.concurrent.ThreadPoolExecutor.runWorker(ThreadPoolExecutor.java:1136)
at java.base/java.util.concurrent.ThreadPoolExecutor$Worker.run(ThreadPoolExecutor.java:635)
at java.base/java.lang.Thread.run(Thread.java:833)
... Removed 15 stack frames]]>
    </failure>
  </testcase> <!-- getLogo -->
</testsuite> <!-- Test Report 1 -->
